{"contracts\\TokenDrop.sol":{"l":{"34":3,"53":1,"54":1,"55":1,"56":1,"59":3,"60":3,"62":3,"65":3,"83":5,"84":5,"85":5,"86":5,"92":2,"93":6,"94":6,"96":6,"97":4,"98":4,"101":2,"104":5,"109":4,"110":12,"111":12,"113":12,"114":4,"115":4,"118":4,"132":1},"path":"C:\\Users\\Valen\\Desktop\\Projet\\MKZ-Token\\contracts\\TokenDrop.sol","s":{"1":3,"2":1,"3":1,"4":1,"5":1,"6":3,"7":3,"8":3,"9":3,"10":5,"11":5,"12":5,"13":5,"14":2,"15":6,"16":6,"17":6,"18":4,"19":4,"20":5,"21":4,"22":12,"23":12,"24":12,"25":4,"26":4,"27":1},"b":{"1":[2,3],"2":[4,2],"3":[4,1],"4":[4,8]},"f":{"1":3,"2":1,"3":5,"4":1},"fnMap":{"1":{"name":"constructor","line":33,"loc":{"start":{"line":33,"column":4},"end":{"line":35,"column":4}}},"2":{"name":"addInvestors","line":52,"loc":{"start":{"line":48,"column":4},"end":{"line":75,"column":4}}},"3":{"name":"performUpkeep","line":80,"loc":{"start":{"line":80,"column":4},"end":{"line":120,"column":4}}},"4":{"name":"checkUpkeep","line":126,"loc":{"start":{"line":126,"column":4},"end":{"line":141,"column":4}}}},"statementMap":{"1":{"start":{"line":34,"column":8},"end":{"line":34,"column":36}},"2":{"start":{"line":53,"column":8},"end":{"line":53,"column":19}},"3":{"start":{"line":54,"column":8},"end":{"line":54,"column":22}},"4":{"start":{"line":55,"column":8},"end":{"line":55,"column":51}},"5":{"start":{"line":56,"column":8},"end":{"line":56,"column":1831}},"6":{"start":{"line":59,"column":12},"end":{"line":59,"column":41}},"7":{"start":{"line":60,"column":12},"end":{"line":60,"column":37}},"8":{"start":{"line":62,"column":12},"end":{"line":62,"column":66}},"9":{"start":{"line":65,"column":12},"end":{"line":65,"column":2228}},"10":{"start":{"line":83,"column":8},"end":{"line":83,"column":18}},"11":{"start":{"line":84,"column":8},"end":{"line":84,"column":22}},"12":{"start":{"line":85,"column":8},"end":{"line":85,"column":39}},"13":{"start":{"line":86,"column":8},"end":{"line":86,"column":2808}},"14":{"start":{"line":92,"column":12},"end":{"line":92,"column":3006}},"15":{"start":{"line":93,"column":16},"end":{"line":93,"column":42}},"16":{"start":{"line":94,"column":16},"end":{"line":94,"column":48}},"17":{"start":{"line":96,"column":16},"end":{"line":96,"column":3186}},"18":{"start":{"line":97,"column":20},"end":{"line":97,"column":55}},"19":{"start":{"line":98,"column":20},"end":{"line":98,"column":39}},"20":{"start":{"line":104,"column":8},"end":{"line":104,"column":3428}},"21":{"start":{"line":109,"column":12},"end":{"line":109,"column":3607}},"22":{"start":{"line":110,"column":16},"end":{"line":110,"column":42}},"23":{"start":{"line":111,"column":16},"end":{"line":111,"column":48}},"24":{"start":{"line":113,"column":16},"end":{"line":113,"column":3787}},"25":{"start":{"line":114,"column":20},"end":{"line":114,"column":55}},"26":{"start":{"line":115,"column":20},"end":{"line":115,"column":39}},"27":{"start":{"line":132,"column":8},"end":{"line":132,"column":4323}}},"branchMap":{"1":{"line":86,"type":"if","locations":[{"start":{"line":86,"column":8},"end":{"line":86,"column":8}},{"start":{"line":86,"column":8},"end":{"line":86,"column":8}}]},"2":{"line":96,"type":"if","locations":[{"start":{"line":96,"column":16},"end":{"line":96,"column":16}},{"start":{"line":96,"column":16},"end":{"line":96,"column":16}}]},"3":{"line":104,"type":"if","locations":[{"start":{"line":104,"column":8},"end":{"line":104,"column":8}},{"start":{"line":104,"column":8},"end":{"line":104,"column":8}}]},"4":{"line":113,"type":"if","locations":[{"start":{"line":113,"column":16},"end":{"line":113,"column":16}},{"start":{"line":113,"column":16},"end":{"line":113,"column":16}}]}}},"contracts\\TokenMKZ.sol":{"l":{"25":3,"29":3,"31":3,"32":3,"33":3},"path":"C:\\Users\\Valen\\Desktop\\Projet\\MKZ-Token\\contracts\\TokenMKZ.sol","s":{"1":3,"2":3,"3":3,"4":3,"5":3},"b":{"1":[3,0]},"f":{"1":3,"2":0},"fnMap":{"1":{"name":"initialize","line":24,"loc":{"start":{"line":24,"column":4},"end":{"line":34,"column":4}}},"2":{"name":"_authorizeUpgrade","line":39,"loc":{"start":{"line":39,"column":4},"end":{"line":39,"column":69}}}},"statementMap":{"1":{"start":{"line":25,"column":8},"end":{"line":25,"column":826}},"2":{"start":{"line":29,"column":8},"end":{"line":29,"column":31}},"3":{"start":{"line":31,"column":8},"end":{"line":31,"column":41}},"4":{"start":{"line":32,"column":8},"end":{"line":32,"column":23}},"5":{"start":{"line":33,"column":8},"end":{"line":33,"column":46}}},"branchMap":{"1":{"line":25,"type":"if","locations":[{"start":{"line":25,"column":8},"end":{"line":25,"column":8}},{"start":{"line":25,"column":8},"end":{"line":25,"column":8}}]}}},"contracts\\TokenVesting.sol":{"l":{"55":16,"56":16,"57":16,"65":3,"66":3,"74":1,"82":1,"86":1,"94":42,"107":8,"110":8,"122":18,"130":4,"142":18,"146":18,"153":3,"164":3,"178":3,"200":3,"201":3,"202":3,"203":3,"207":3,"211":3,"214":3,"215":3,"227":3,"228":3,"229":3,"230":3,"243":8,"246":8,"247":8,"248":8,"252":8,"253":8,"257":8,"258":8,"261":8,"262":8,"274":16,"275":16,"279":0,"283":6,"286":10,"287":10,"288":10,"289":10,"290":10,"292":10,"294":10,"299":31},"path":"C:\\Users\\Valen\\Desktop\\Projet\\MKZ-Token\\contracts\\TokenVesting.sol","s":{"1":16,"2":16,"3":3,"4":3,"5":1,"6":1,"7":1,"8":42,"9":8,"10":8,"11":18,"12":4,"13":18,"14":18,"15":3,"16":3,"17":3,"18":3,"19":3,"20":3,"21":3,"22":3,"23":3,"24":3,"25":3,"26":3,"27":3,"28":3,"29":3,"30":8,"31":8,"32":8,"33":8,"34":8,"35":8,"36":8,"37":8,"38":8,"39":8,"40":16,"41":16,"42":0,"43":16,"44":6,"45":10,"46":10,"47":10,"48":10,"49":10,"50":10,"51":10,"52":31},"b":{"1":[16,0],"2":[16,0],"3":[3,0],"4":[1,0],"5":[18,0],"6":[3,0],"7":[3,0],"8":[3,0],"9":[3,0],"10":[3,0],"11":[8,0],"12":[8,0],"13":[0,16],"14":[6,10]},"f":{"1":16,"2":3,"3":1,"4":1,"5":42,"6":8,"7":18,"8":4,"9":18,"10":3,"11":3,"12":3,"13":3,"14":8,"15":16,"16":31},"fnMap":{"1":{"name":"onlyIfVestingScheduleNotRevoked","line":54,"loc":{"start":{"line":54,"column":4},"end":{"line":58,"column":4}}},"2":{"name":"constructor","line":64,"loc":{"start":{"line":64,"column":4},"end":{"line":67,"column":4}}},"3":{"name":"getVestingSchedulesTotalAmount","line":73,"loc":{"start":{"line":73,"column":4},"end":{"line":75,"column":4}}},"4":{"name":"withdraw","line":81,"loc":{"start":{"line":81,"column":4},"end":{"line":87,"column":4}}},"5":{"name":"getVestingSchedulesCount","line":93,"loc":{"start":{"line":93,"column":4},"end":{"line":95,"column":4}}},"6":{"name":"computeReleasableAmount","line":104,"loc":{"start":{"line":101,"column":4},"end":{"line":111,"column":4}}},"7":{"name":"getVestingSchedule","line":117,"loc":{"start":{"line":117,"column":4},"end":{"line":123,"column":4}}},"8":{"name":"getWithdrawableAmount","line":129,"loc":{"start":{"line":129,"column":4},"end":{"line":131,"column":4}}},"9":{"name":"getVestingIdAtIndex","line":137,"loc":{"start":{"line":137,"column":4},"end":{"line":147,"column":4}}},"10":{"name":"getToken","line":152,"loc":{"start":{"line":152,"column":4},"end":{"line":154,"column":4}}},"11":{"name":"computeNextVestingScheduleIdForHolder","line":159,"loc":{"start":{"line":159,"column":4},"end":{"line":169,"column":4}}},"12":{"name":"computeVestingScheduleIdForAddressAndIndex","line":174,"loc":{"start":{"line":174,"column":4},"end":{"line":179,"column":4}}},"13":{"name":"_createVestingSchedule","line":191,"loc":{"start":{"line":191,"column":4},"end":{"line":231,"column":4}}},"14":{"name":"_release","line":241,"loc":{"start":{"line":238,"column":4},"end":{"line":263,"column":4}}},"15":{"name":"_computeReleasableAmount","line":269,"loc":{"start":{"line":269,"column":4},"end":{"line":296,"column":4}}},"16":{"name":"_getCurrentTime","line":298,"loc":{"start":{"line":298,"column":4},"end":{"line":300,"column":4}}}},"statementMap":{"1":{"start":{"line":55,"column":8},"end":{"line":55,"column":71}},"2":{"start":{"line":56,"column":8},"end":{"line":56,"column":68}},"3":{"start":{"line":65,"column":8},"end":{"line":65,"column":38}},"4":{"start":{"line":66,"column":8},"end":{"line":66,"column":30}},"5":{"start":{"line":74,"column":8},"end":{"line":74,"column":42}},"6":{"start":{"line":82,"column":8},"end":{"line":82,"column":2768}},"7":{"start":{"line":86,"column":8},"end":{"line":86,"column":43}},"8":{"start":{"line":94,"column":8},"end":{"line":94,"column":41}},"9":{"start":{"line":107,"column":8},"end":{"line":107,"column":3570}},"10":{"start":{"line":110,"column":8},"end":{"line":110,"column":56}},"11":{"start":{"line":122,"column":8},"end":{"line":122,"column":50}},"12":{"start":{"line":130,"column":8},"end":{"line":130,"column":76}},"13":{"start":{"line":142,"column":8},"end":{"line":142,"column":4626}},"14":{"start":{"line":146,"column":8},"end":{"line":146,"column":41}},"15":{"start":{"line":153,"column":8},"end":{"line":153,"column":30}},"16":{"start":{"line":164,"column":8},"end":{"line":164,"column":5251}},"17":{"start":{"line":178,"column":8},"end":{"line":178,"column":57}},"18":{"start":{"line":200,"column":8},"end":{"line":200,"column":67}},"19":{"start":{"line":201,"column":8},"end":{"line":201,"column":63}},"20":{"start":{"line":202,"column":8},"end":{"line":202,"column":78}},"21":{"start":{"line":203,"column":8},"end":{"line":203,"column":6856}},"22":{"start":{"line":207,"column":8},"end":{"line":207,"column":6986}},"23":{"start":{"line":211,"column":8},"end":{"line":211,"column":7156}},"24":{"start":{"line":214,"column":8},"end":{"line":214,"column":39}},"25":{"start":{"line":215,"column":8},"end":{"line":215,"column":7311}},"26":{"start":{"line":227,"column":8},"end":{"line":227,"column":45}},"27":{"start":{"line":228,"column":8},"end":{"line":228,"column":50}},"28":{"start":{"line":229,"column":8},"end":{"line":229,"column":71}},"29":{"start":{"line":230,"column":8},"end":{"line":230,"column":66}},"30":{"start":{"line":243,"column":8},"end":{"line":243,"column":8220}},"31":{"start":{"line":246,"column":8},"end":{"line":246,"column":70}},"32":{"start":{"line":247,"column":8},"end":{"line":247,"column":44}},"33":{"start":{"line":248,"column":8},"end":{"line":248,"column":8451}},"34":{"start":{"line":252,"column":8},"end":{"line":252,"column":72}},"35":{"start":{"line":253,"column":8},"end":{"line":253,"column":8677}},"36":{"start":{"line":257,"column":8},"end":{"line":257,"column":67}},"37":{"start":{"line":258,"column":8},"end":{"line":258,"column":8893}},"38":{"start":{"line":261,"column":8},"end":{"line":261,"column":73}},"39":{"start":{"line":262,"column":8},"end":{"line":262,"column":54}},"40":{"start":{"line":274,"column":8},"end":{"line":274,"column":47}},"41":{"start":{"line":275,"column":8},"end":{"line":275,"column":9483}},"42":{"start":{"line":279,"column":12},"end":{"line":279,"column":20}},"43":{"start":{"line":280,"column":15},"end":{"line":280,"column":9639}},"44":{"start":{"line":283,"column":12},"end":{"line":283,"column":73}},"45":{"start":{"line":286,"column":12},"end":{"line":286,"column":71}},"46":{"start":{"line":287,"column":12},"end":{"line":287,"column":72}},"47":{"start":{"line":288,"column":12},"end":{"line":288,"column":78}},"48":{"start":{"line":289,"column":12},"end":{"line":289,"column":72}},"49":{"start":{"line":290,"column":12},"end":{"line":290,"column":10209}},"50":{"start":{"line":292,"column":12},"end":{"line":292,"column":65}},"51":{"start":{"line":294,"column":12},"end":{"line":294,"column":31}},"52":{"start":{"line":299,"column":8},"end":{"line":299,"column":30}}},"branchMap":{"1":{"line":55,"type":"if","locations":[{"start":{"line":55,"column":8},"end":{"line":55,"column":8}},{"start":{"line":55,"column":8},"end":{"line":55,"column":8}}]},"2":{"line":56,"type":"if","locations":[{"start":{"line":56,"column":8},"end":{"line":56,"column":8}},{"start":{"line":56,"column":8},"end":{"line":56,"column":8}}]},"3":{"line":65,"type":"if","locations":[{"start":{"line":65,"column":8},"end":{"line":65,"column":8}},{"start":{"line":65,"column":8},"end":{"line":65,"column":8}}]},"4":{"line":82,"type":"if","locations":[{"start":{"line":82,"column":8},"end":{"line":82,"column":8}},{"start":{"line":82,"column":8},"end":{"line":82,"column":8}}]},"5":{"line":142,"type":"if","locations":[{"start":{"line":142,"column":8},"end":{"line":142,"column":8}},{"start":{"line":142,"column":8},"end":{"line":142,"column":8}}]},"6":{"line":200,"type":"if","locations":[{"start":{"line":200,"column":8},"end":{"line":200,"column":8}},{"start":{"line":200,"column":8},"end":{"line":200,"column":8}}]},"7":{"line":201,"type":"if","locations":[{"start":{"line":201,"column":8},"end":{"line":201,"column":8}},{"start":{"line":201,"column":8},"end":{"line":201,"column":8}}]},"8":{"line":202,"type":"if","locations":[{"start":{"line":202,"column":8},"end":{"line":202,"column":8}},{"start":{"line":202,"column":8},"end":{"line":202,"column":8}}]},"9":{"line":203,"type":"if","locations":[{"start":{"line":203,"column":8},"end":{"line":203,"column":8}},{"start":{"line":203,"column":8},"end":{"line":203,"column":8}}]},"10":{"line":207,"type":"if","locations":[{"start":{"line":207,"column":8},"end":{"line":207,"column":8}},{"start":{"line":207,"column":8},"end":{"line":207,"column":8}}]},"11":{"line":248,"type":"if","locations":[{"start":{"line":248,"column":8},"end":{"line":248,"column":8}},{"start":{"line":248,"column":8},"end":{"line":248,"column":8}}]},"12":{"line":253,"type":"if","locations":[{"start":{"line":253,"column":8},"end":{"line":253,"column":8}},{"start":{"line":253,"column":8},"end":{"line":253,"column":8}}]},"13":{"line":275,"type":"if","locations":[{"start":{"line":275,"column":8},"end":{"line":275,"column":8}},{"start":{"line":275,"column":8},"end":{"line":275,"column":8}}]},"14":{"line":280,"type":"if","locations":[{"start":{"line":280,"column":15},"end":{"line":280,"column":15}},{"start":{"line":280,"column":15},"end":{"line":280,"column":15}}]}}}}