{
"contracts\\MockSparksoICO.sol":{"l":{"22":5,"28":1,"38":24,"48":16},"path":"C:\\Users\\Valentin\\Desktop\\Projet\\sparkso-token\\sparkso-token\\contracts\\MockSparksoICO.sol","s":{"1":5,"2":1,"3":24,"4":16},"b":{},"f":{"1":6,"2":5,"3":1,"4":24,"5":16},"fnMap":{"1":{"name":"constructor","line":16,"loc":{"start":{"line":16,"column":4},"end":{"line":17,"column":4}}},"2":{"name":"setCurrentTime","line":19,"loc":{"start":{"line":19,"column":4},"end":{"line":23,"column":4}}},"3":{"name":"setCountAddresses","line":25,"loc":{"start":{"line":25,"column":4},"end":{"line":29,"column":4}}},"4":{"name":"getCurrentTime","line":31,"loc":{"start":{"line":31,"column":4},"end":{"line":39,"column":4}}},"5":{"name":"_getCountAddresses","line":41,"loc":{"start":{"line":41,"column":4},"end":{"line":49,"column":4}}}},"statementMap":{"1":{"start":{"line":22,"column":8},"end":{"line":22,"column":23}},"2":{"start":{"line":28,"column":8},"end":{"line":28,"column":29}},"3":{"start":{"line":38,"column":8},"end":{"line":38,"column":23}},"4":{"start":{"line":48,"column":8},"end":{"line":48,"column":28}}},"branchMap":{}},
"contracts\\SparksoICO.sol":{"l":{"104":9,"108":8,"112":6,"116":6,"121":6,"122":6,"125":6,"126":6,"129":6,"135":6,"141":6,"144":6,"147":6,"149":6,"151":6,"154":6,"155":6,"158":6,"160":6,"167":0,"178":1,"185":1,"192":0,"199":0,"206":0,"213":0,"220":0,"227":0,"235":9,"236":9,"239":6,"242":6,"244":6,"245":6,"254":6,"256":6,"257":6,"265":0,"270":0,"281":6,"290":6,"291":2,"292":2,"295":6,"296":6,"298":6,"299":4,"301":4,"303":4,"315":6,"316":6,"318":6,"337":6,"350":6,"351":6,"352":6,"353":6,"356":6,"363":0,"370":0,"383":8,"387":8,"391":7,"395":7,"400":7,"401":3,"407":4,"410":4},"path":"C:\\Users\\Valentin\\Desktop\\Projet\\sparkso-token\\sparkso-token\\contracts\\SparksoICO.sol","s":{"1":9,"2":6,"3":6,"4":6,"5":6,"6":6,"7":6,"8":6,"9":6,"10":6,"11":24,"12":6,"13":6,"14":6,"15":6,"16":6,"17":6,"18":6,"19":6,"20":0,"21":1,"22":1,"23":0,"24":0,"25":0,"26":0,"27":0,"28":0,"29":9,"30":9,"31":6,"32":6,"33":6,"34":6,"35":6,"36":6,"37":6,"38":0,"39":0,"40":6,"41":6,"42":2,"43":6,"44":6,"45":12,"46":6,"47":4,"48":4,"49":6,"50":6,"51":6,"52":6,"53":6,"54":6,"55":6,"56":6,"57":6,"58":0,"59":0,"60":8,"61":8,"62":7,"63":7,"64":7,"65":3,"66":4,"67":4},"b":{"1":[8,1],"2":[6,0],"3":[6,0],"4":[0,0],"5":[2,4],"6":[4,2],"7":[8,0],"8":[7,1],"9":[7,0],"10":[7,0],"11":[3,4],"12":[3,0],"13":[3,1]},"f":{"1":9,"2":6,"3":0,"4":1,"5":1,"6":0,"7":0,"8":0,"9":0,"10":0,"11":0,"12":9,"13":0,"14":6,"15":6,"16":6,"17":6,"18":6,"19":0,"20":0,"21":8,"22":6},"fnMap":{"1":{"name":"onlyOnePurchase","line":103,"loc":{"start":{"line":103,"column":4},"end":{"line":109,"column":4}}},"2":{"name":"constructor","line":111,"loc":{"start":{"line":111,"column":4},"end":{"line":161,"column":4}}},"3":{"name":null,"line":166,"loc":{"start":{"line":166,"column":4},"end":{"line":168,"column":4}}},"4":{"name":"countAdresses","line":177,"loc":{"start":{"line":177,"column":4},"end":{"line":179,"column":4}}},"5":{"name":"weiRaised","line":184,"loc":{"start":{"line":184,"column":4},"end":{"line":186,"column":4}}},"6":{"name":"currentStage","line":191,"loc":{"start":{"line":191,"column":4},"end":{"line":193,"column":4}}},"7":{"name":"rate","line":198,"loc":{"start":{"line":198,"column":4},"end":{"line":200,"column":4}}},"8":{"name":"weiGoals","line":205,"loc":{"start":{"line":205,"column":4},"end":{"line":207,"column":4}}},"9":{"name":"bonus","line":212,"loc":{"start":{"line":212,"column":4},"end":{"line":214,"column":4}}},"10":{"name":"openingTime","line":219,"loc":{"start":{"line":219,"column":4},"end":{"line":221,"column":4}}},"11":{"name":"closingTime","line":226,"loc":{"start":{"line":226,"column":4},"end":{"line":228,"column":4}}},"12":{"name":"buyTokens","line":234,"loc":{"start":{"line":234,"column":4},"end":{"line":258,"column":4}}},"13":{"name":"delayICO","line":264,"loc":{"start":{"line":264,"column":4},"end":{"line":271,"column":4}}},"14":{"name":"_forwardFunds","line":280,"loc":{"start":{"line":280,"column":4},"end":{"line":282,"column":4}}},"15":{"name":"_postValidatePurchase","line":288,"loc":{"start":{"line":288,"column":4},"end":{"line":305,"column":4}}},"16":{"name":"_deliverTokens","line":312,"loc":{"start":{"line":312,"column":4},"end":{"line":327,"column":4}}},"17":{"name":"_processPurchase","line":334,"loc":{"start":{"line":334,"column":4},"end":{"line":338,"column":4}}},"18":{"name":"_getTokenAmount","line":345,"loc":{"start":{"line":345,"column":4},"end":{"line":357,"column":4}}},"19":{"name":"_getCountAddresses","line":362,"loc":{"start":{"line":362,"column":4},"end":{"line":364,"column":4}}},"20":{"name":"getCurrentTime","line":369,"loc":{"start":{"line":369,"column":4},"end":{"line":371,"column":4}}},"21":{"name":"_preValidatePurchase","line":381,"loc":{"start":{"line":378,"column":4},"end":{"line":415,"column":4}}},"22":{"name":"_updatePurchasingState","line":421,"loc":{"start":{"line":421,"column":4},"end":{"line":421,"column":53}}}},"statementMap":{"1":{"start":{"line":104,"column":8},"end":{"line":104,"column":3064}},"2":{"start":{"line":112,"column":8},"end":{"line":112,"column":3320}},"3":{"start":{"line":116,"column":8},"end":{"line":116,"column":3443}},"4":{"start":{"line":121,"column":8},"end":{"line":121,"column":24}},"5":{"start":{"line":122,"column":8},"end":{"line":122,"column":30}},"6":{"start":{"line":125,"column":8},"end":{"line":125,"column":31}},"7":{"start":{"line":126,"column":8},"end":{"line":126,"column":43}},"8":{"start":{"line":129,"column":8},"end":{"line":129,"column":3835}},"9":{"start":{"line":135,"column":8},"end":{"line":135,"column":4086}},"10":{"start":{"line":141,"column":8},"end":{"line":141,"column":67}},"11":{"start":{"line":141,"column":43},"end":{"line":141,"column":66}},"12":{"start":{"line":144,"column":8},"end":{"line":144,"column":44}},"13":{"start":{"line":147,"column":8},"end":{"line":147,"column":62}},"14":{"start":{"line":149,"column":8},"end":{"line":149,"column":38}},"15":{"start":{"line":151,"column":8},"end":{"line":151,"column":36}},"16":{"start":{"line":154,"column":8},"end":{"line":154,"column":32}},"17":{"start":{"line":155,"column":8},"end":{"line":155,"column":58}},"18":{"start":{"line":158,"column":8},"end":{"line":158,"column":21}},"19":{"start":{"line":160,"column":8},"end":{"line":160,"column":20}},"20":{"start":{"line":167,"column":8},"end":{"line":167,"column":28}},"21":{"start":{"line":178,"column":8},"end":{"line":178,"column":29}},"22":{"start":{"line":185,"column":8},"end":{"line":185,"column":25}},"23":{"start":{"line":192,"column":8},"end":{"line":192,"column":28}},"24":{"start":{"line":199,"column":8},"end":{"line":199,"column":20}},"25":{"start":{"line":206,"column":8},"end":{"line":206,"column":24}},"26":{"start":{"line":213,"column":8},"end":{"line":213,"column":21}},"27":{"start":{"line":220,"column":8},"end":{"line":220,"column":27}},"28":{"start":{"line":227,"column":8},"end":{"line":227,"column":39}},"29":{"start":{"line":235,"column":8},"end":{"line":235,"column":37}},"30":{"start":{"line":236,"column":8},"end":{"line":236,"column":52}},"31":{"start":{"line":239,"column":8},"end":{"line":239,"column":51}},"32":{"start":{"line":242,"column":8},"end":{"line":242,"column":45}},"33":{"start":{"line":244,"column":8},"end":{"line":244,"column":45}},"34":{"start":{"line":245,"column":8},"end":{"line":245,"column":7311}},"35":{"start":{"line":254,"column":8},"end":{"line":254,"column":31}},"36":{"start":{"line":256,"column":8},"end":{"line":256,"column":22}},"37":{"start":{"line":257,"column":8},"end":{"line":257,"column":42}},"38":{"start":{"line":265,"column":8},"end":{"line":265,"column":7800}},"39":{"start":{"line":270,"column":8},"end":{"line":270,"column":50}},"40":{"start":{"line":281,"column":8},"end":{"line":281,"column":34}},"41":{"start":{"line":290,"column":8},"end":{"line":290,"column":8646}},"42":{"start":{"line":291,"column":12},"end":{"line":291,"column":44}},"43":{"start":{"line":295,"column":8},"end":{"line":295,"column":27}},"44":{"start":{"line":296,"column":8},"end":{"line":296,"column":86}},"45":{"start":{"line":296,"column":51},"end":{"line":296,"column":85}},"46":{"start":{"line":298,"column":8},"end":{"line":298,"column":8910}},"47":{"start":{"line":301,"column":12},"end":{"line":301,"column":53}},"48":{"start":{"line":303,"column":12},"end":{"line":303,"column":52}},"49":{"start":{"line":315,"column":8},"end":{"line":315,"column":69}},"50":{"start":{"line":316,"column":8},"end":{"line":316,"column":67}},"51":{"start":{"line":318,"column":8},"end":{"line":318,"column":9752}},"52":{"start":{"line":337,"column":8},"end":{"line":337,"column":49}},"53":{"start":{"line":350,"column":8},"end":{"line":350,"column":50}},"54":{"start":{"line":351,"column":8},"end":{"line":351,"column":44}},"55":{"start":{"line":352,"column":8},"end":{"line":352,"column":45}},"56":{"start":{"line":353,"column":8},"end":{"line":353,"column":10983}},"57":{"start":{"line":356,"column":8},"end":{"line":356,"column":42}},"58":{"start":{"line":363,"column":8},"end":{"line":363,"column":29}},"59":{"start":{"line":370,"column":8},"end":{"line":370,"column":42}},"60":{"start":{"line":383,"column":8},"end":{"line":383,"column":11989}},"61":{"start":{"line":387,"column":8},"end":{"line":387,"column":12129}},"62":{"start":{"line":391,"column":8},"end":{"line":391,"column":12252}},"63":{"start":{"line":395,"column":8},"end":{"line":395,"column":12386}},"64":{"start":{"line":400,"column":8},"end":{"line":400,"column":12523}},"65":{"start":{"line":401,"column":12},"end":{"line":401,"column":12563}},"66":{"start":{"line":407,"column":12},"end":{"line":407,"column":12812}},"67":{"start":{"line":410,"column":12},"end":{"line":410,"column":12914}}},"branchMap":{"1":{"line":104,"type":"if","locations":[{"start":{"line":104,"column":8},"end":{"line":104,"column":8}},{"start":{"line":104,"column":8},"end":{"line":104,"column":8}}]},"2":{"line":112,"type":"if","locations":[{"start":{"line":112,"column":8},"end":{"line":112,"column":8}},{"start":{"line":112,"column":8},"end":{"line":112,"column":8}}]},"3":{"line":116,"type":"if","locations":[{"start":{"line":116,"column":8},"end":{"line":116,"column":8}},{"start":{"line":116,"column":8},"end":{"line":116,"column":8}}]},"4":{"line":265,"type":"if","locations":[{"start":{"line":265,"column":8},"end":{"line":265,"column":8}},{"start":{"line":265,"column":8},"end":{"line":265,"column":8}}]},"5":{"line":290,"type":"if","locations":[{"start":{"line":290,"column":8},"end":{"line":290,"column":8}},{"start":{"line":290,"column":8},"end":{"line":290,"column":8}}]},"6":{"line":298,"type":"if","locations":[{"start":{"line":298,"column":8},"end":{"line":298,"column":8}},{"start":{"line":298,"column":8},"end":{"line":298,"column":8}}]},"7":{"line":383,"type":"if","locations":[{"start":{"line":383,"column":8},"end":{"line":383,"column":8}},{"start":{"line":383,"column":8},"end":{"line":383,"column":8}}]},"8":{"line":387,"type":"if","locations":[{"start":{"line":387,"column":8},"end":{"line":387,"column":8}},{"start":{"line":387,"column":8},"end":{"line":387,"column":8}}]},"9":{"line":391,"type":"if","locations":[{"start":{"line":391,"column":8},"end":{"line":391,"column":8}},{"start":{"line":391,"column":8},"end":{"line":391,"column":8}}]},"10":{"line":395,"type":"if","locations":[{"start":{"line":395,"column":8},"end":{"line":395,"column":8}},{"start":{"line":395,"column":8},"end":{"line":395,"column":8}}]},"11":{"line":400,"type":"if","locations":[{"start":{"line":400,"column":8},"end":{"line":400,"column":8}},{"start":{"line":400,"column":8},"end":{"line":400,"column":8}}]},"12":{"line":401,"type":"if","locations":[{"start":{"line":401,"column":12},"end":{"line":401,"column":12}},{"start":{"line":401,"column":12},"end":{"line":401,"column":12}}]},"13":{"line":410,"type":"if","locations":[{"start":{"line":410,"column":12},"end":{"line":410,"column":12}},{"start":{"line":410,"column":12},"end":{"line":410,"column":12}}]}}},
"contracts\\SparksoToken.sol":{"l":{"27":9,"28":9,"29":9},"path":"C:\\Users\\Valentin\\Desktop\\Projet\\sparkso-token\\sparkso-token\\contracts\\SparksoToken.sol","s":{"1":9,"2":9,"3":9},"b":{"1":[9,0]},"f":{"1":9},"fnMap":{"1":{"name":"constructor","line":26,"loc":{"start":{"line":26,"column":4},"end":{"line":30,"column":4}}}},"statementMap":{"1":{"start":{"line":27,"column":8},"end":{"line":27,"column":82}},"2":{"start":{"line":28,"column":8},"end":{"line":28,"column":23}},"3":{"start":{"line":29,"column":8},"end":{"line":29,"column":51}}},"branchMap":{"1":{"line":27,"type":"if","locations":[{"start":{"line":27,"column":8},"end":{"line":27,"column":8}},{"start":{"line":27,"column":8},"end":{"line":27,"column":8}}]}}},
"contracts\\TokenVesting.sol":{"l":{"55":0,"56":0,"63":10,"64":10,"65":10,"73":6,"74":6,"89":1,"100":1,"101":1,"112":0,"124":1,"134":2,"145":1,"146":1,"147":0,"148":0,"149":0,"151":0,"152":0,"153":0,"164":1,"165":1,"180":7,"181":7,"182":7,"183":7,"187":7,"188":7,"189":5,"190":5,"191":5,"192":5,"203":2,"215":2,"216":2,"227":1,"238":10,"248":6,"258":1,"268":14,"292":6,"293":6,"294":6,"295":6,"299":6,"300":6,"301":6,"313":6,"314":6,"315":6,"316":6,"327":9,"328":9,"329":1,"331":6,"333":2,"334":2,"335":2,"336":2,"337":2,"338":2,"339":2,"349":0},"path":"C:\\Users\\Valentin\\Desktop\\Projet\\sparkso-token\\sparkso-token\\contracts\\TokenVesting.sol","s":{"1":0,"2":10,"3":10,"4":6,"5":6,"6":1,"7":1,"8":1,"9":0,"10":1,"11":2,"12":1,"13":1,"14":0,"15":0,"16":0,"17":0,"18":0,"19":0,"20":1,"21":1,"22":7,"23":7,"24":7,"25":7,"26":7,"27":7,"28":5,"29":5,"30":5,"31":5,"32":2,"33":2,"34":2,"35":1,"36":10,"37":6,"38":1,"39":14,"40":6,"41":6,"42":6,"43":6,"44":6,"45":6,"46":6,"47":6,"48":6,"49":6,"50":6,"51":9,"52":9,"53":1,"54":8,"55":6,"56":2,"57":2,"58":2,"59":2,"60":2,"61":2,"62":2,"63":0},"b":{"1":[0,0],"2":[10,0],"3":[10,0],"4":[6,0],"5":[1,0],"6":[0,1],"7":[0,0],"8":[1,0],"9":[7,0],"10":[5,2],"11":[6,0],"12":[6,0],"13":[6,0],"14":[6,0],"15":[1,8],"16":[6,2]},"f":{"1":0,"2":10,"3":6,"4":0,"5":1,"6":1,"7":0,"8":1,"9":2,"10":1,"11":1,"12":7,"13":2,"14":2,"15":1,"16":10,"17":6,"18":1,"19":14,"20":6,"21":9,"22":0},"fnMap":{"1":{"name":"onlyIfVestingScheduleExists","line":54,"loc":{"start":{"line":54,"column":4},"end":{"line":57,"column":4}}},"2":{"name":"onlyIfVestingScheduleNotRevoked","line":62,"loc":{"start":{"line":62,"column":4},"end":{"line":66,"column":4}}},"3":{"name":"constructor","line":72,"loc":{"start":{"line":72,"column":4},"end":{"line":75,"column":4}}},"4":{"name":null,"line":79,"loc":{"start":{"line":79,"column":4},"end":{"line":79,"column":41}}},"5":{"name":"getVestingSchedulesCountByBeneficiary","line":85,"loc":{"start":{"line":85,"column":4},"end":{"line":90,"column":4}}},"6":{"name":"getVestingIdAtIndex","line":96,"loc":{"start":{"line":96,"column":4},"end":{"line":102,"column":4}}},"7":{"name":"getVestingScheduleByAddressAndIndex","line":108,"loc":{"start":{"line":108,"column":4},"end":{"line":113,"column":4}}},"8":{"name":"getVestingSchedulesTotalAmount","line":120,"loc":{"start":{"line":120,"column":4},"end":{"line":125,"column":4}}},"9":{"name":"getToken","line":130,"loc":{"start":{"line":130,"column":4},"end":{"line":135,"column":4}}},"10":{"name":"revoke","line":144,"loc":{"start":{"line":141,"column":4},"end":{"line":154,"column":4}}},"11":{"name":"withdraw","line":163,"loc":{"start":{"line":160,"column":4},"end":{"line":166,"column":4}}},"12":{"name":"release","line":179,"loc":{"start":{"line":173,"column":4},"end":{"line":193,"column":4}}},"13":{"name":"getVestingSchedulesCount","line":199,"loc":{"start":{"line":199,"column":4},"end":{"line":204,"column":4}}},"14":{"name":"computeReleasableAmount","line":212,"loc":{"start":{"line":210,"column":4},"end":{"line":217,"column":4}}},"15":{"name":"getVestingSchedule","line":223,"loc":{"start":{"line":223,"column":4},"end":{"line":228,"column":4}}},"16":{"name":"getWithdrawableAmount","line":234,"loc":{"start":{"line":234,"column":4},"end":{"line":239,"column":4}}},"17":{"name":"computeNextVestingScheduleIdForHolder","line":244,"loc":{"start":{"line":244,"column":4},"end":{"line":249,"column":4}}},"18":{"name":"getLastVestingScheduleForHolder","line":254,"loc":{"start":{"line":254,"column":4},"end":{"line":259,"column":4}}},"19":{"name":"computeVestingScheduleIdForAddressAndIndex","line":264,"loc":{"start":{"line":264,"column":4},"end":{"line":269,"column":4}}},"20":{"name":"createVestingSchedule","line":281,"loc":{"start":{"line":281,"column":4},"end":{"line":317,"column":4}}},"21":{"name":"_computeReleasableAmount","line":323,"loc":{"start":{"line":323,"column":4},"end":{"line":342,"column":4}}},"22":{"name":"getCurrentTime","line":344,"loc":{"start":{"line":344,"column":4},"end":{"line":350,"column":4}}}},"statementMap":{"1":{"start":{"line":55,"column":8},"end":{"line":55,"column":71}},"2":{"start":{"line":63,"column":8},"end":{"line":63,"column":71}},"3":{"start":{"line":64,"column":8},"end":{"line":64,"column":68}},"4":{"start":{"line":73,"column":8},"end":{"line":73,"column":38}},"5":{"start":{"line":74,"column":8},"end":{"line":74,"column":30}},"6":{"start":{"line":89,"column":8},"end":{"line":89,"column":48}},"7":{"start":{"line":100,"column":8},"end":{"line":100,"column":87}},"8":{"start":{"line":101,"column":8},"end":{"line":101,"column":41}},"9":{"start":{"line":112,"column":8},"end":{"line":112,"column":92}},"10":{"start":{"line":124,"column":8},"end":{"line":124,"column":42}},"11":{"start":{"line":134,"column":8},"end":{"line":134,"column":30}},"12":{"start":{"line":145,"column":8},"end":{"line":145,"column":85}},"13":{"start":{"line":146,"column":8},"end":{"line":146,"column":91}},"14":{"start":{"line":147,"column":8},"end":{"line":147,"column":72}},"15":{"start":{"line":148,"column":8},"end":{"line":148,"column":4836}},"16":{"start":{"line":149,"column":12},"end":{"line":149,"column":51}},"17":{"start":{"line":151,"column":8},"end":{"line":151,"column":86}},"18":{"start":{"line":152,"column":8},"end":{"line":152,"column":80}},"19":{"start":{"line":153,"column":8},"end":{"line":153,"column":37}},"20":{"start":{"line":164,"column":8},"end":{"line":164,"column":101}},"21":{"start":{"line":165,"column":8},"end":{"line":165,"column":43}},"22":{"start":{"line":180,"column":8},"end":{"line":180,"column":85}},"23":{"start":{"line":181,"column":8},"end":{"line":181,"column":70}},"24":{"start":{"line":182,"column":8},"end":{"line":182,"column":44}},"25":{"start":{"line":183,"column":8},"end":{"line":183,"column":6102}},"26":{"start":{"line":187,"column":8},"end":{"line":187,"column":72}},"27":{"start":{"line":188,"column":8},"end":{"line":188,"column":103}},"28":{"start":{"line":189,"column":8},"end":{"line":189,"column":70}},"29":{"start":{"line":190,"column":8},"end":{"line":190,"column":81}},"30":{"start":{"line":191,"column":8},"end":{"line":191,"column":76}},"31":{"start":{"line":192,"column":8},"end":{"line":192,"column":54}},"32":{"start":{"line":203,"column":8},"end":{"line":203,"column":41}},"33":{"start":{"line":215,"column":8},"end":{"line":215,"column":85}},"34":{"start":{"line":216,"column":8},"end":{"line":216,"column":56}},"35":{"start":{"line":227,"column":8},"end":{"line":227,"column":50}},"36":{"start":{"line":238,"column":8},"end":{"line":238,"column":79}},"37":{"start":{"line":248,"column":8},"end":{"line":248,"column":94}},"38":{"start":{"line":258,"column":8},"end":{"line":258,"column":116}},"39":{"start":{"line":268,"column":8},"end":{"line":268,"column":57}},"40":{"start":{"line":292,"column":8},"end":{"line":292,"column":67}},"41":{"start":{"line":293,"column":8},"end":{"line":293,"column":63}},"42":{"start":{"line":294,"column":8},"end":{"line":294,"column":89}},"43":{"start":{"line":295,"column":9},"end":{"line":295,"column":10325}},"44":{"start":{"line":299,"column":8},"end":{"line":299,"column":92}},"45":{"start":{"line":300,"column":8},"end":{"line":300,"column":42}},"46":{"start":{"line":301,"column":8},"end":{"line":301,"column":10639}},"47":{"start":{"line":313,"column":8},"end":{"line":313,"column":77}},"48":{"start":{"line":314,"column":8},"end":{"line":314,"column":50}},"49":{"start":{"line":315,"column":8},"end":{"line":315,"column":71}},"50":{"start":{"line":316,"column":8},"end":{"line":316,"column":69}},"51":{"start":{"line":327,"column":8},"end":{"line":327,"column":46}},"52":{"start":{"line":328,"column":8},"end":{"line":328,"column":11550}},"53":{"start":{"line":329,"column":12},"end":{"line":329,"column":20}},"54":{"start":{"line":330,"column":15},"end":{"line":330,"column":11669}},"55":{"start":{"line":331,"column":12},"end":{"line":331,"column":76}},"56":{"start":{"line":333,"column":12},"end":{"line":333,"column":74}},"57":{"start":{"line":334,"column":12},"end":{"line":334,"column":69}},"58":{"start":{"line":335,"column":12},"end":{"line":335,"column":75}},"59":{"start":{"line":336,"column":12},"end":{"line":336,"column":75}},"60":{"start":{"line":337,"column":12},"end":{"line":337,"column":111}},"61":{"start":{"line":338,"column":12},"end":{"line":338,"column":68}},"62":{"start":{"line":339,"column":12},"end":{"line":339,"column":31}},"63":{"start":{"line":349,"column":8},"end":{"line":349,"column":30}}},"branchMap":{"1":{"line":55,"type":"if","locations":[{"start":{"line":55,"column":8},"end":{"line":55,"column":8}},{"start":{"line":55,"column":8},"end":{"line":55,"column":8}}]},"2":{"line":63,"type":"if","locations":[{"start":{"line":63,"column":8},"end":{"line":63,"column":8}},{"start":{"line":63,"column":8},"end":{"line":63,"column":8}}]},"3":{"line":64,"type":"if","locations":[{"start":{"line":64,"column":8},"end":{"line":64,"column":8}},{"start":{"line":64,"column":8},"end":{"line":64,"column":8}}]},"4":{"line":73,"type":"if","locations":[{"start":{"line":73,"column":8},"end":{"line":73,"column":8}},{"start":{"line":73,"column":8},"end":{"line":73,"column":8}}]},"5":{"line":100,"type":"if","locations":[{"start":{"line":100,"column":8},"end":{"line":100,"column":8}},{"start":{"line":100,"column":8},"end":{"line":100,"column":8}}]},"6":{"line":146,"type":"if","locations":[{"start":{"line":146,"column":8},"end":{"line":146,"column":8}},{"start":{"line":146,"column":8},"end":{"line":146,"column":8}}]},"7":{"line":148,"type":"if","locations":[{"start":{"line":148,"column":8},"end":{"line":148,"column":8}},{"start":{"line":148,"column":8},"end":{"line":148,"column":8}}]},"8":{"line":164,"type":"if","locations":[{"start":{"line":164,"column":8},"end":{"line":164,"column":8}},{"start":{"line":164,"column":8},"end":{"line":164,"column":8}}]},"9":{"line":183,"type":"if","locations":[{"start":{"line":183,"column":8},"end":{"line":183,"column":8}},{"start":{"line":183,"column":8},"end":{"line":183,"column":8}}]},"10":{"line":188,"type":"if","locations":[{"start":{"line":188,"column":8},"end":{"line":188,"column":8}},{"start":{"line":188,"column":8},"end":{"line":188,"column":8}}]},"11":{"line":292,"type":"if","locations":[{"start":{"line":292,"column":8},"end":{"line":292,"column":8}},{"start":{"line":292,"column":8},"end":{"line":292,"column":8}}]},"12":{"line":293,"type":"if","locations":[{"start":{"line":293,"column":8},"end":{"line":293,"column":8}},{"start":{"line":293,"column":8},"end":{"line":293,"column":8}}]},"13":{"line":294,"type":"if","locations":[{"start":{"line":294,"column":8},"end":{"line":294,"column":8}},{"start":{"line":294,"column":8},"end":{"line":294,"column":8}}]},"14":{"line":295,"type":"if","locations":[{"start":{"line":295,"column":9},"end":{"line":295,"column":9}},{"start":{"line":295,"column":9},"end":{"line":295,"column":9}}]},"15":{"line":328,"type":"if","locations":[{"start":{"line":328,"column":8},"end":{"line":328,"column":8}},{"start":{"line":328,"column":8},"end":{"line":328,"column":8}}]},"16":{"line":330,"type":"if","locations":[{"start":{"line":330,"column":15},"end":{"line":330,"column":15}},{"start":{"line":330,"column":15},"end":{"line":330,"column":15}}]}}}}
