{
"contracts\\MockSparksoICO.sol":{"l":{"25":7,"29":1,"33":1,"37":30,"47":22},"path":"C:\\Users\\Valentin\\Desktop\\Projet\\sparkso-token\\contracts\\MockSparksoICO.sol","s":{"1":7,"2":1,"3":1,"4":30,"5":22},"b":{},"f":{"1":9,"2":7,"3":1,"4":1,"5":30,"6":22},"fnMap":{"1":{"name":"constructor","line":22,"loc":{"start":{"line":18,"column":4},"end":{"line":22,"column":51}}},"2":{"name":"setCurrentTime","line":24,"loc":{"start":{"line":24,"column":4},"end":{"line":26,"column":4}}},"3":{"name":"setCountAddresses","line":28,"loc":{"start":{"line":28,"column":4},"end":{"line":30,"column":4}}},"4":{"name":"_delayICO","line":32,"loc":{"start":{"line":32,"column":4},"end":{"line":34,"column":4}}},"5":{"name":"getCurrentTime","line":36,"loc":{"start":{"line":36,"column":4},"end":{"line":38,"column":4}}},"6":{"name":"_getCountAddresses","line":40,"loc":{"start":{"line":40,"column":4},"end":{"line":48,"column":4}}}},"statementMap":{"1":{"start":{"line":25,"column":8},"end":{"line":25,"column":23}},"2":{"start":{"line":29,"column":8},"end":{"line":29,"column":29}},"3":{"start":{"line":33,"column":8},"end":{"line":33,"column":31}},"4":{"start":{"line":37,"column":8},"end":{"line":37,"column":34}},"5":{"start":{"line":47,"column":8},"end":{"line":47,"column":28}}},"branchMap":{}},
"contracts\\SparksoICO.sol":{"l":{"112":11,"116":10,"124":12,"125":12,"128":12,"132":11,"140":9,"144":9,"148":9,"153":9,"154":9,"155":9,"159":9,"167":9,"170":9,"177":9,"178":36,"180":9,"186":9,"189":9,"192":9,"194":9,"196":9,"199":9,"200":9,"203":9,"205":9,"216":1,"223":1,"230":1,"237":0,"244":0,"251":0,"258":0,"265":1,"279":11,"280":11,"283":8,"286":8,"288":8,"289":8,"298":8,"300":8,"301":8,"309":1,"313":1,"327":1,"328":1,"333":1,"338":1,"349":8,"357":0,"370":1,"376":1,"377":1,"378":2,"382":2,"386":1,"390":1,"392":1,"396":1,"398":1,"400":1,"402":1,"405":1,"414":8,"415":4,"416":4,"419":8,"420":8,"421":14,"423":8,"424":5,"426":5,"428":5,"440":8,"441":8,"443":8,"462":8,"475":8,"476":8,"477":8,"478":8,"481":8,"488":0,"495":0,"508":10,"512":10,"516":9,"520":9,"525":9,"526":3,"532":6,"535":6},"path":"C:\\Users\\Valentin\\Desktop\\Projet\\sparkso-token\\contracts\\SparksoICO.sol","s":{"1":11,"2":12,"3":12,"4":12,"5":9,"6":9,"7":9,"8":9,"9":9,"10":9,"11":9,"12":9,"13":9,"14":9,"15":36,"16":9,"17":9,"18":36,"19":9,"20":9,"21":9,"22":9,"23":9,"24":9,"25":9,"26":9,"27":1,"28":1,"29":1,"30":0,"31":0,"32":0,"33":0,"34":1,"35":11,"36":11,"37":8,"38":8,"39":8,"40":8,"41":8,"42":8,"43":8,"44":1,"45":1,"46":1,"47":1,"48":1,"49":1,"50":8,"51":0,"52":1,"53":1,"54":1,"55":2,"56":2,"57":1,"58":1,"59":1,"60":1,"61":0,"62":1,"63":1,"64":0,"65":1,"66":1,"67":4,"68":8,"69":4,"70":8,"71":8,"72":14,"73":8,"74":5,"75":5,"76":8,"77":8,"78":8,"79":8,"80":8,"81":8,"82":8,"83":8,"84":8,"85":0,"86":0,"87":10,"88":10,"89":9,"90":9,"91":9,"92":3,"93":6,"94":6},"b":{"1":[10,1],"2":[11,1],"3":[9,0],"4":[9,0],"5":[9,0],"6":[1,0],"7":[1,0],"8":[1,0],"9":[1,0],"10":[1,0],"11":[2,0],"12":[1,0],"13":[4,4],"14":[5,3],"15":[10,0],"16":[9,1],"17":[9,0],"18":[9,0],"19":[3,6],"20":[3,0],"21":[5,1]},"f":{"1":11,"2":12,"3":9,"4":1,"5":1,"6":1,"7":0,"8":0,"9":0,"10":0,"11":1,"12":11,"13":1,"14":1,"15":8,"16":0,"17":1,"18":8,"19":8,"20":8,"21":8,"22":0,"23":0,"24":10,"25":8},"fnMap":{"1":{"name":"onlyOnePurchase","line":111,"loc":{"start":{"line":111,"column":4},"end":{"line":117,"column":4}}},"2":{"name":"onlyValidSignature","line":122,"loc":{"start":{"line":122,"column":4},"end":{"line":133,"column":4}}},"3":{"name":"constructor","line":139,"loc":{"start":{"line":135,"column":4},"end":{"line":206,"column":4}}},"4":{"name":"countAdresses","line":215,"loc":{"start":{"line":215,"column":4},"end":{"line":217,"column":4}}},"5":{"name":"weiRaised","line":222,"loc":{"start":{"line":222,"column":4},"end":{"line":224,"column":4}}},"6":{"name":"currentStage","line":229,"loc":{"start":{"line":229,"column":4},"end":{"line":231,"column":4}}},"7":{"name":"rate","line":236,"loc":{"start":{"line":236,"column":4},"end":{"line":238,"column":4}}},"8":{"name":"weiGoals","line":243,"loc":{"start":{"line":243,"column":4},"end":{"line":245,"column":4}}},"9":{"name":"bonus","line":250,"loc":{"start":{"line":250,"column":4},"end":{"line":252,"column":4}}},"10":{"name":"openingTime","line":257,"loc":{"start":{"line":257,"column":4},"end":{"line":259,"column":4}}},"11":{"name":"closingTime","line":264,"loc":{"start":{"line":264,"column":4},"end":{"line":266,"column":4}}},"12":{"name":"buyTokens","line":278,"loc":{"start":{"line":274,"column":4},"end":{"line":302,"column":4}}},"13":{"name":"delayICO","line":308,"loc":{"start":{"line":308,"column":4},"end":{"line":314,"column":4}}},"14":{"name":"updateICO","line":325,"loc":{"start":{"line":322,"column":4},"end":{"line":339,"column":4}}},"15":{"name":"_forwardFunds","line":348,"loc":{"start":{"line":348,"column":4},"end":{"line":350,"column":4}}},"16":{"name":"_delayICO","line":355,"loc":{"start":{"line":355,"column":4},"end":{"line":358,"column":4}}},"17":{"name":"_updateICO","line":365,"loc":{"start":{"line":365,"column":4},"end":{"line":406,"column":4}}},"18":{"name":"_postValidatePurchase","line":412,"loc":{"start":{"line":412,"column":4},"end":{"line":430,"column":4}}},"19":{"name":"_deliverTokens","line":437,"loc":{"start":{"line":437,"column":4},"end":{"line":452,"column":4}}},"20":{"name":"_processPurchase","line":459,"loc":{"start":{"line":459,"column":4},"end":{"line":463,"column":4}}},"21":{"name":"_getTokenAmount","line":470,"loc":{"start":{"line":470,"column":4},"end":{"line":482,"column":4}}},"22":{"name":"_getCountAddresses","line":487,"loc":{"start":{"line":487,"column":4},"end":{"line":489,"column":4}}},"23":{"name":"getCurrentTime","line":494,"loc":{"start":{"line":494,"column":4},"end":{"line":496,"column":4}}},"24":{"name":"_preValidatePurchase","line":506,"loc":{"start":{"line":503,"column":4},"end":{"line":540,"column":4}}},"25":{"name":"_updatePurchasingState","line":545,"loc":{"start":{"line":545,"column":4},"end":{"line":545,"column":53}}}},"statementMap":{"1":{"start":{"line":112,"column":8},"end":{"line":112,"column":3391}},"2":{"start":{"line":124,"column":8},"end":{"line":124,"column":76}},"3":{"start":{"line":125,"column":8},"end":{"line":125,"column":3883}},"4":{"start":{"line":128,"column":8},"end":{"line":128,"column":4010}},"5":{"start":{"line":140,"column":8},"end":{"line":140,"column":4318}},"6":{"start":{"line":144,"column":8},"end":{"line":144,"column":4456}},"7":{"start":{"line":148,"column":8},"end":{"line":148,"column":4579}},"8":{"start":{"line":153,"column":8},"end":{"line":153,"column":38}},"9":{"start":{"line":154,"column":8},"end":{"line":154,"column":24}},"10":{"start":{"line":155,"column":8},"end":{"line":155,"column":30}},"11":{"start":{"line":159,"column":8},"end":{"line":159,"column":4935}},"12":{"start":{"line":167,"column":8},"end":{"line":167,"column":31}},"13":{"start":{"line":170,"column":8},"end":{"line":170,"column":5271}},"14":{"start":{"line":177,"column":8},"end":{"line":177,"column":5689}},"15":{"start":{"line":178,"column":12},"end":{"line":178,"column":59}},"16":{"start":{"line":180,"column":8},"end":{"line":180,"column":5748}},"17":{"start":{"line":186,"column":8},"end":{"line":186,"column":72}},"18":{"start":{"line":186,"column":43},"end":{"line":186,"column":71}},"19":{"start":{"line":189,"column":8},"end":{"line":189,"column":44}},"20":{"start":{"line":192,"column":8},"end":{"line":192,"column":62}},"21":{"start":{"line":194,"column":8},"end":{"line":194,"column":38}},"22":{"start":{"line":196,"column":8},"end":{"line":196,"column":36}},"23":{"start":{"line":199,"column":8},"end":{"line":199,"column":32}},"24":{"start":{"line":200,"column":8},"end":{"line":200,"column":58}},"25":{"start":{"line":203,"column":8},"end":{"line":203,"column":21}},"26":{"start":{"line":205,"column":8},"end":{"line":205,"column":20}},"27":{"start":{"line":216,"column":8},"end":{"line":216,"column":29}},"28":{"start":{"line":223,"column":8},"end":{"line":223,"column":25}},"29":{"start":{"line":230,"column":8},"end":{"line":230,"column":28}},"30":{"start":{"line":237,"column":8},"end":{"line":237,"column":20}},"31":{"start":{"line":244,"column":8},"end":{"line":244,"column":24}},"32":{"start":{"line":251,"column":8},"end":{"line":251,"column":21}},"33":{"start":{"line":258,"column":8},"end":{"line":258,"column":27}},"34":{"start":{"line":265,"column":8},"end":{"line":265,"column":39}},"35":{"start":{"line":279,"column":8},"end":{"line":279,"column":37}},"36":{"start":{"line":280,"column":8},"end":{"line":280,"column":52}},"37":{"start":{"line":283,"column":8},"end":{"line":283,"column":51}},"38":{"start":{"line":286,"column":8},"end":{"line":286,"column":45}},"39":{"start":{"line":288,"column":8},"end":{"line":288,"column":45}},"40":{"start":{"line":289,"column":8},"end":{"line":289,"column":9100}},"41":{"start":{"line":298,"column":8},"end":{"line":298,"column":31}},"42":{"start":{"line":300,"column":8},"end":{"line":300,"column":22}},"43":{"start":{"line":301,"column":8},"end":{"line":301,"column":42}},"44":{"start":{"line":309,"column":8},"end":{"line":309,"column":9589}},"45":{"start":{"line":313,"column":8},"end":{"line":313,"column":30}},"46":{"start":{"line":327,"column":8},"end":{"line":327,"column":10269}},"47":{"start":{"line":328,"column":12},"end":{"line":328,"column":10305}},"48":{"start":{"line":333,"column":8},"end":{"line":333,"column":10452}},"49":{"start":{"line":338,"column":8},"end":{"line":338,"column":42}},"50":{"start":{"line":349,"column":8},"end":{"line":349,"column":34}},"51":{"start":{"line":357,"column":8},"end":{"line":357,"column":33}},"52":{"start":{"line":370,"column":8},"end":{"line":370,"column":11664}},"53":{"start":{"line":376,"column":8},"end":{"line":376,"column":11849}},"54":{"start":{"line":377,"column":12},"end":{"line":377,"column":11892}},"55":{"start":{"line":378,"column":16},"end":{"line":378,"column":11945}},"56":{"start":{"line":382,"column":16},"end":{"line":382,"column":41}},"57":{"start":{"line":386,"column":8},"end":{"line":386,"column":12170}},"58":{"start":{"line":390,"column":8},"end":{"line":390,"column":45}},"59":{"start":{"line":392,"column":8},"end":{"line":392,"column":12409}},"60":{"start":{"line":396,"column":8},"end":{"line":396,"column":98}},"61":{"start":{"line":396,"column":48},"end":{"line":396,"column":97}},"62":{"start":{"line":398,"column":8},"end":{"line":398,"column":39}},"63":{"start":{"line":400,"column":8},"end":{"line":400,"column":74}},"64":{"start":{"line":400,"column":48},"end":{"line":400,"column":73}},"65":{"start":{"line":402,"column":8},"end":{"line":402,"column":90}},"66":{"start":{"line":405,"column":8},"end":{"line":405,"column":72}},"67":{"start":{"line":405,"column":43},"end":{"line":405,"column":71}},"68":{"start":{"line":414,"column":8},"end":{"line":414,"column":13348}},"69":{"start":{"line":415,"column":12},"end":{"line":415,"column":44}},"70":{"start":{"line":419,"column":8},"end":{"line":419,"column":27}},"71":{"start":{"line":420,"column":8},"end":{"line":420,"column":13552}},"72":{"start":{"line":421,"column":12},"end":{"line":421,"column":46}},"73":{"start":{"line":423,"column":8},"end":{"line":423,"column":13617}},"74":{"start":{"line":426,"column":12},"end":{"line":426,"column":53}},"75":{"start":{"line":428,"column":12},"end":{"line":428,"column":52}},"76":{"start":{"line":440,"column":8},"end":{"line":440,"column":69}},"77":{"start":{"line":441,"column":8},"end":{"line":441,"column":67}},"78":{"start":{"line":443,"column":8},"end":{"line":443,"column":14459}},"79":{"start":{"line":462,"column":8},"end":{"line":462,"column":49}},"80":{"start":{"line":475,"column":8},"end":{"line":475,"column":50}},"81":{"start":{"line":476,"column":8},"end":{"line":476,"column":44}},"82":{"start":{"line":477,"column":8},"end":{"line":477,"column":45}},"83":{"start":{"line":478,"column":8},"end":{"line":478,"column":15690}},"84":{"start":{"line":481,"column":8},"end":{"line":481,"column":42}},"85":{"start":{"line":488,"column":8},"end":{"line":488,"column":29}},"86":{"start":{"line":495,"column":8},"end":{"line":495,"column":42}},"87":{"start":{"line":508,"column":8},"end":{"line":508,"column":16692}},"88":{"start":{"line":512,"column":8},"end":{"line":512,"column":16832}},"89":{"start":{"line":516,"column":8},"end":{"line":516,"column":16955}},"90":{"start":{"line":520,"column":8},"end":{"line":520,"column":17089}},"91":{"start":{"line":525,"column":8},"end":{"line":525,"column":17231}},"92":{"start":{"line":526,"column":12},"end":{"line":526,"column":17271}},"93":{"start":{"line":532,"column":12},"end":{"line":532,"column":17520}},"94":{"start":{"line":535,"column":12},"end":{"line":535,"column":17622}}},"branchMap":{"1":{"line":112,"type":"if","locations":[{"start":{"line":112,"column":8},"end":{"line":112,"column":8}},{"start":{"line":112,"column":8},"end":{"line":112,"column":8}}]},"2":{"line":128,"type":"if","locations":[{"start":{"line":128,"column":8},"end":{"line":128,"column":8}},{"start":{"line":128,"column":8},"end":{"line":128,"column":8}}]},"3":{"line":140,"type":"if","locations":[{"start":{"line":140,"column":8},"end":{"line":140,"column":8}},{"start":{"line":140,"column":8},"end":{"line":140,"column":8}}]},"4":{"line":144,"type":"if","locations":[{"start":{"line":144,"column":8},"end":{"line":144,"column":8}},{"start":{"line":144,"column":8},"end":{"line":144,"column":8}}]},"5":{"line":148,"type":"if","locations":[{"start":{"line":148,"column":8},"end":{"line":148,"column":8}},{"start":{"line":148,"column":8},"end":{"line":148,"column":8}}]},"6":{"line":309,"type":"if","locations":[{"start":{"line":309,"column":8},"end":{"line":309,"column":8}},{"start":{"line":309,"column":8},"end":{"line":309,"column":8}}]},"7":{"line":327,"type":"if","locations":[{"start":{"line":327,"column":8},"end":{"line":327,"column":8}},{"start":{"line":327,"column":8},"end":{"line":327,"column":8}}]},"8":{"line":328,"type":"if","locations":[{"start":{"line":328,"column":12},"end":{"line":328,"column":12}},{"start":{"line":328,"column":12},"end":{"line":328,"column":12}}]},"9":{"line":333,"type":"if","locations":[{"start":{"line":333,"column":8},"end":{"line":333,"column":8}},{"start":{"line":333,"column":8},"end":{"line":333,"column":8}}]},"10":{"line":376,"type":"if","locations":[{"start":{"line":376,"column":8},"end":{"line":376,"column":8}},{"start":{"line":376,"column":8},"end":{"line":376,"column":8}}]},"11":{"line":378,"type":"if","locations":[{"start":{"line":378,"column":16},"end":{"line":378,"column":16}},{"start":{"line":378,"column":16},"end":{"line":378,"column":16}}]},"12":{"line":386,"type":"if","locations":[{"start":{"line":386,"column":8},"end":{"line":386,"column":8}},{"start":{"line":386,"column":8},"end":{"line":386,"column":8}}]},"13":{"line":414,"type":"if","locations":[{"start":{"line":414,"column":8},"end":{"line":414,"column":8}},{"start":{"line":414,"column":8},"end":{"line":414,"column":8}}]},"14":{"line":423,"type":"if","locations":[{"start":{"line":423,"column":8},"end":{"line":423,"column":8}},{"start":{"line":423,"column":8},"end":{"line":423,"column":8}}]},"15":{"line":508,"type":"if","locations":[{"start":{"line":508,"column":8},"end":{"line":508,"column":8}},{"start":{"line":508,"column":8},"end":{"line":508,"column":8}}]},"16":{"line":512,"type":"if","locations":[{"start":{"line":512,"column":8},"end":{"line":512,"column":8}},{"start":{"line":512,"column":8},"end":{"line":512,"column":8}}]},"17":{"line":516,"type":"if","locations":[{"start":{"line":516,"column":8},"end":{"line":516,"column":8}},{"start":{"line":516,"column":8},"end":{"line":516,"column":8}}]},"18":{"line":520,"type":"if","locations":[{"start":{"line":520,"column":8},"end":{"line":520,"column":8}},{"start":{"line":520,"column":8},"end":{"line":520,"column":8}}]},"19":{"line":525,"type":"if","locations":[{"start":{"line":525,"column":8},"end":{"line":525,"column":8}},{"start":{"line":525,"column":8},"end":{"line":525,"column":8}}]},"20":{"line":526,"type":"if","locations":[{"start":{"line":526,"column":12},"end":{"line":526,"column":12}},{"start":{"line":526,"column":12},"end":{"line":526,"column":12}}]},"21":{"line":535,"type":"if","locations":[{"start":{"line":535,"column":12},"end":{"line":535,"column":12}},{"start":{"line":535,"column":12},"end":{"line":535,"column":12}}]}}},
"contracts\\SparksoToken.sol":{"l":{"27":12,"28":12,"29":12},"path":"C:\\Users\\Valentin\\Desktop\\Projet\\sparkso-token\\contracts\\SparksoToken.sol","s":{"1":12,"2":12,"3":12},"b":{"1":[12,0]},"f":{"1":12},"fnMap":{"1":{"name":"constructor","line":26,"loc":{"start":{"line":26,"column":4},"end":{"line":30,"column":4}}}},"statementMap":{"1":{"start":{"line":27,"column":8},"end":{"line":27,"column":82}},"2":{"start":{"line":28,"column":8},"end":{"line":28,"column":23}},"3":{"start":{"line":29,"column":8},"end":{"line":29,"column":54}}},"branchMap":{"1":{"line":27,"type":"if","locations":[{"start":{"line":27,"column":8},"end":{"line":27,"column":8}},{"start":{"line":27,"column":8},"end":{"line":27,"column":8}}]}}},
"contracts\\TokenVesting.sol":{"l":{"55":0,"56":0,"63":12,"64":12,"65":12,"73":9,"74":9,"89":1,"100":1,"101":1,"112":0,"124":3,"134":3,"145":1,"146":1,"147":0,"148":0,"149":0,"151":0,"152":0,"153":0,"164":1,"165":1,"180":8,"181":8,"182":8,"183":8,"187":8,"188":8,"189":5,"190":5,"191":5,"192":5,"203":3,"215":3,"216":3,"227":1,"238":13,"248":8,"258":1,"268":17,"292":8,"293":8,"294":8,"295":8,"299":8,"300":8,"301":8,"313":8,"314":8,"315":8,"316":8,"327":11,"328":11,"329":3,"331":6,"333":2,"334":2,"335":2,"336":2,"337":2,"338":2,"339":2,"349":0},"path":"C:\\Users\\Valentin\\Desktop\\Projet\\sparkso-token\\contracts\\TokenVesting.sol","s":{"1":0,"2":12,"3":12,"4":9,"5":9,"6":1,"7":1,"8":1,"9":0,"10":3,"11":3,"12":1,"13":1,"14":0,"15":0,"16":0,"17":0,"18":0,"19":0,"20":1,"21":1,"22":8,"23":8,"24":8,"25":8,"26":8,"27":8,"28":5,"29":5,"30":5,"31":5,"32":3,"33":3,"34":3,"35":1,"36":13,"37":8,"38":1,"39":17,"40":8,"41":8,"42":8,"43":8,"44":8,"45":8,"46":8,"47":8,"48":8,"49":8,"50":8,"51":11,"52":11,"53":3,"54":8,"55":6,"56":2,"57":2,"58":2,"59":2,"60":2,"61":2,"62":2,"63":0},"b":{"1":[0,0],"2":[12,0],"3":[12,0],"4":[9,0],"5":[1,0],"6":[0,1],"7":[0,0],"8":[1,0],"9":[8,0],"10":[5,3],"11":[8,0],"12":[8,0],"13":[8,0],"14":[8,0],"15":[3,8],"16":[6,2]},"f":{"1":0,"2":12,"3":9,"4":0,"5":1,"6":1,"7":0,"8":3,"9":3,"10":1,"11":1,"12":8,"13":3,"14":3,"15":1,"16":13,"17":8,"18":1,"19":17,"20":8,"21":11,"22":0},"fnMap":{"1":{"name":"onlyIfVestingScheduleExists","line":54,"loc":{"start":{"line":54,"column":4},"end":{"line":57,"column":4}}},"2":{"name":"onlyIfVestingScheduleNotRevoked","line":62,"loc":{"start":{"line":62,"column":4},"end":{"line":66,"column":4}}},"3":{"name":"constructor","line":72,"loc":{"start":{"line":72,"column":4},"end":{"line":75,"column":4}}},"4":{"name":null,"line":79,"loc":{"start":{"line":79,"column":4},"end":{"line":79,"column":41}}},"5":{"name":"getVestingSchedulesCountByBeneficiary","line":85,"loc":{"start":{"line":85,"column":4},"end":{"line":90,"column":4}}},"6":{"name":"getVestingIdAtIndex","line":96,"loc":{"start":{"line":96,"column":4},"end":{"line":102,"column":4}}},"7":{"name":"getVestingScheduleByAddressAndIndex","line":108,"loc":{"start":{"line":108,"column":4},"end":{"line":113,"column":4}}},"8":{"name":"getVestingSchedulesTotalAmount","line":120,"loc":{"start":{"line":120,"column":4},"end":{"line":125,"column":4}}},"9":{"name":"getToken","line":130,"loc":{"start":{"line":130,"column":4},"end":{"line":135,"column":4}}},"10":{"name":"revoke","line":144,"loc":{"start":{"line":141,"column":4},"end":{"line":154,"column":4}}},"11":{"name":"withdraw","line":163,"loc":{"start":{"line":160,"column":4},"end":{"line":166,"column":4}}},"12":{"name":"release","line":179,"loc":{"start":{"line":173,"column":4},"end":{"line":193,"column":4}}},"13":{"name":"getVestingSchedulesCount","line":199,"loc":{"start":{"line":199,"column":4},"end":{"line":204,"column":4}}},"14":{"name":"computeReleasableAmount","line":212,"loc":{"start":{"line":210,"column":4},"end":{"line":217,"column":4}}},"15":{"name":"getVestingSchedule","line":223,"loc":{"start":{"line":223,"column":4},"end":{"line":228,"column":4}}},"16":{"name":"getWithdrawableAmount","line":234,"loc":{"start":{"line":234,"column":4},"end":{"line":239,"column":4}}},"17":{"name":"computeNextVestingScheduleIdForHolder","line":244,"loc":{"start":{"line":244,"column":4},"end":{"line":249,"column":4}}},"18":{"name":"getLastVestingScheduleForHolder","line":254,"loc":{"start":{"line":254,"column":4},"end":{"line":259,"column":4}}},"19":{"name":"computeVestingScheduleIdForAddressAndIndex","line":264,"loc":{"start":{"line":264,"column":4},"end":{"line":269,"column":4}}},"20":{"name":"createVestingSchedule","line":281,"loc":{"start":{"line":281,"column":4},"end":{"line":317,"column":4}}},"21":{"name":"_computeReleasableAmount","line":323,"loc":{"start":{"line":323,"column":4},"end":{"line":342,"column":4}}},"22":{"name":"getCurrentTime","line":344,"loc":{"start":{"line":344,"column":4},"end":{"line":350,"column":4}}}},"statementMap":{"1":{"start":{"line":55,"column":8},"end":{"line":55,"column":71}},"2":{"start":{"line":63,"column":8},"end":{"line":63,"column":71}},"3":{"start":{"line":64,"column":8},"end":{"line":64,"column":68}},"4":{"start":{"line":73,"column":8},"end":{"line":73,"column":38}},"5":{"start":{"line":74,"column":8},"end":{"line":74,"column":30}},"6":{"start":{"line":89,"column":8},"end":{"line":89,"column":48}},"7":{"start":{"line":100,"column":8},"end":{"line":100,"column":87}},"8":{"start":{"line":101,"column":8},"end":{"line":101,"column":41}},"9":{"start":{"line":112,"column":8},"end":{"line":112,"column":92}},"10":{"start":{"line":124,"column":8},"end":{"line":124,"column":42}},"11":{"start":{"line":134,"column":8},"end":{"line":134,"column":30}},"12":{"start":{"line":145,"column":8},"end":{"line":145,"column":85}},"13":{"start":{"line":146,"column":8},"end":{"line":146,"column":91}},"14":{"start":{"line":147,"column":8},"end":{"line":147,"column":72}},"15":{"start":{"line":148,"column":8},"end":{"line":148,"column":4836}},"16":{"start":{"line":149,"column":12},"end":{"line":149,"column":51}},"17":{"start":{"line":151,"column":8},"end":{"line":151,"column":86}},"18":{"start":{"line":152,"column":8},"end":{"line":152,"column":80}},"19":{"start":{"line":153,"column":8},"end":{"line":153,"column":37}},"20":{"start":{"line":164,"column":8},"end":{"line":164,"column":101}},"21":{"start":{"line":165,"column":8},"end":{"line":165,"column":43}},"22":{"start":{"line":180,"column":8},"end":{"line":180,"column":85}},"23":{"start":{"line":181,"column":8},"end":{"line":181,"column":70}},"24":{"start":{"line":182,"column":8},"end":{"line":182,"column":44}},"25":{"start":{"line":183,"column":8},"end":{"line":183,"column":6102}},"26":{"start":{"line":187,"column":8},"end":{"line":187,"column":72}},"27":{"start":{"line":188,"column":8},"end":{"line":188,"column":103}},"28":{"start":{"line":189,"column":8},"end":{"line":189,"column":70}},"29":{"start":{"line":190,"column":8},"end":{"line":190,"column":81}},"30":{"start":{"line":191,"column":8},"end":{"line":191,"column":76}},"31":{"start":{"line":192,"column":8},"end":{"line":192,"column":54}},"32":{"start":{"line":203,"column":8},"end":{"line":203,"column":41}},"33":{"start":{"line":215,"column":8},"end":{"line":215,"column":85}},"34":{"start":{"line":216,"column":8},"end":{"line":216,"column":56}},"35":{"start":{"line":227,"column":8},"end":{"line":227,"column":50}},"36":{"start":{"line":238,"column":8},"end":{"line":238,"column":79}},"37":{"start":{"line":248,"column":8},"end":{"line":248,"column":94}},"38":{"start":{"line":258,"column":8},"end":{"line":258,"column":116}},"39":{"start":{"line":268,"column":8},"end":{"line":268,"column":57}},"40":{"start":{"line":292,"column":8},"end":{"line":292,"column":67}},"41":{"start":{"line":293,"column":8},"end":{"line":293,"column":63}},"42":{"start":{"line":294,"column":8},"end":{"line":294,"column":89}},"43":{"start":{"line":295,"column":9},"end":{"line":295,"column":10325}},"44":{"start":{"line":299,"column":8},"end":{"line":299,"column":92}},"45":{"start":{"line":300,"column":8},"end":{"line":300,"column":42}},"46":{"start":{"line":301,"column":8},"end":{"line":301,"column":10639}},"47":{"start":{"line":313,"column":8},"end":{"line":313,"column":77}},"48":{"start":{"line":314,"column":8},"end":{"line":314,"column":50}},"49":{"start":{"line":315,"column":8},"end":{"line":315,"column":71}},"50":{"start":{"line":316,"column":8},"end":{"line":316,"column":69}},"51":{"start":{"line":327,"column":8},"end":{"line":327,"column":46}},"52":{"start":{"line":328,"column":8},"end":{"line":328,"column":11550}},"53":{"start":{"line":329,"column":12},"end":{"line":329,"column":20}},"54":{"start":{"line":330,"column":15},"end":{"line":330,"column":11669}},"55":{"start":{"line":331,"column":12},"end":{"line":331,"column":76}},"56":{"start":{"line":333,"column":12},"end":{"line":333,"column":74}},"57":{"start":{"line":334,"column":12},"end":{"line":334,"column":69}},"58":{"start":{"line":335,"column":12},"end":{"line":335,"column":75}},"59":{"start":{"line":336,"column":12},"end":{"line":336,"column":75}},"60":{"start":{"line":337,"column":12},"end":{"line":337,"column":111}},"61":{"start":{"line":338,"column":12},"end":{"line":338,"column":68}},"62":{"start":{"line":339,"column":12},"end":{"line":339,"column":31}},"63":{"start":{"line":349,"column":8},"end":{"line":349,"column":30}}},"branchMap":{"1":{"line":55,"type":"if","locations":[{"start":{"line":55,"column":8},"end":{"line":55,"column":8}},{"start":{"line":55,"column":8},"end":{"line":55,"column":8}}]},"2":{"line":63,"type":"if","locations":[{"start":{"line":63,"column":8},"end":{"line":63,"column":8}},{"start":{"line":63,"column":8},"end":{"line":63,"column":8}}]},"3":{"line":64,"type":"if","locations":[{"start":{"line":64,"column":8},"end":{"line":64,"column":8}},{"start":{"line":64,"column":8},"end":{"line":64,"column":8}}]},"4":{"line":73,"type":"if","locations":[{"start":{"line":73,"column":8},"end":{"line":73,"column":8}},{"start":{"line":73,"column":8},"end":{"line":73,"column":8}}]},"5":{"line":100,"type":"if","locations":[{"start":{"line":100,"column":8},"end":{"line":100,"column":8}},{"start":{"line":100,"column":8},"end":{"line":100,"column":8}}]},"6":{"line":146,"type":"if","locations":[{"start":{"line":146,"column":8},"end":{"line":146,"column":8}},{"start":{"line":146,"column":8},"end":{"line":146,"column":8}}]},"7":{"line":148,"type":"if","locations":[{"start":{"line":148,"column":8},"end":{"line":148,"column":8}},{"start":{"line":148,"column":8},"end":{"line":148,"column":8}}]},"8":{"line":164,"type":"if","locations":[{"start":{"line":164,"column":8},"end":{"line":164,"column":8}},{"start":{"line":164,"column":8},"end":{"line":164,"column":8}}]},"9":{"line":183,"type":"if","locations":[{"start":{"line":183,"column":8},"end":{"line":183,"column":8}},{"start":{"line":183,"column":8},"end":{"line":183,"column":8}}]},"10":{"line":188,"type":"if","locations":[{"start":{"line":188,"column":8},"end":{"line":188,"column":8}},{"start":{"line":188,"column":8},"end":{"line":188,"column":8}}]},"11":{"line":292,"type":"if","locations":[{"start":{"line":292,"column":8},"end":{"line":292,"column":8}},{"start":{"line":292,"column":8},"end":{"line":292,"column":8}}]},"12":{"line":293,"type":"if","locations":[{"start":{"line":293,"column":8},"end":{"line":293,"column":8}},{"start":{"line":293,"column":8},"end":{"line":293,"column":8}}]},"13":{"line":294,"type":"if","locations":[{"start":{"line":294,"column":8},"end":{"line":294,"column":8}},{"start":{"line":294,"column":8},"end":{"line":294,"column":8}}]},"14":{"line":295,"type":"if","locations":[{"start":{"line":295,"column":9},"end":{"line":295,"column":9}},{"start":{"line":295,"column":9},"end":{"line":295,"column":9}}]},"15":{"line":328,"type":"if","locations":[{"start":{"line":328,"column":8},"end":{"line":328,"column":8}},{"start":{"line":328,"column":8},"end":{"line":328,"column":8}}]},"16":{"line":330,"type":"if","locations":[{"start":{"line":330,"column":15},"end":{"line":330,"column":15}},{"start":{"line":330,"column":15},"end":{"line":330,"column":15}}]}}}}
