TN:
SF:C:\Users\Valentin\Desktop\Projet\sparkso-token\sparkso-token\contracts\MockSparksoICO.sol
FN:16,constructor
FN:19,setCurrentTime
FN:25,setCountAddresses
FN:31,getCurrentTime
FN:41,_getCountAddresses
FNF:5
FNH:5
FNDA:6,constructor
FNDA:5,setCurrentTime
FNDA:1,setCountAddresses
FNDA:24,getCurrentTime
FNDA:16,_getCountAddresses
DA:22,5
DA:28,1
DA:38,24
DA:48,16
LF:4
LH:4
BRF:0
BRH:0
end_of_record
TN:
SF:C:\Users\Valentin\Desktop\Projet\sparkso-token\sparkso-token\contracts\SparksoICO.sol
FN:103,onlyOnePurchase
FN:111,constructor
FN:166,
FN:177,countAdresses
FN:184,weiRaised
FN:191,currentStage
FN:198,rate
FN:205,weiGoals
FN:212,bonus
FN:219,openingTime
FN:226,closingTime
FN:234,buyTokens
FN:264,delayICO
FN:280,_forwardFunds
FN:288,_postValidatePurchase
FN:312,_deliverTokens
FN:334,_processPurchase
FN:345,_getTokenAmount
FN:362,_getCountAddresses
FN:369,getCurrentTime
FN:381,_preValidatePurchase
FN:421,_updatePurchasingState
FNF:22
FNH:12
FNDA:9,onlyOnePurchase
FNDA:6,constructor
FNDA:0,
FNDA:1,countAdresses
FNDA:1,weiRaised
FNDA:0,currentStage
FNDA:0,rate
FNDA:0,weiGoals
FNDA:0,bonus
FNDA:0,openingTime
FNDA:0,closingTime
FNDA:9,buyTokens
FNDA:0,delayICO
FNDA:6,_forwardFunds
FNDA:6,_postValidatePurchase
FNDA:6,_deliverTokens
FNDA:6,_processPurchase
FNDA:6,_getTokenAmount
FNDA:0,_getCountAddresses
FNDA:0,getCurrentTime
FNDA:8,_preValidatePurchase
FNDA:6,_updatePurchasingState
DA:104,9
DA:108,8
DA:112,6
DA:116,6
DA:121,6
DA:122,6
DA:125,6
DA:126,6
DA:129,6
DA:135,6
DA:141,6
DA:144,6
DA:147,6
DA:149,6
DA:151,6
DA:154,6
DA:155,6
DA:158,6
DA:160,6
DA:167,0
DA:178,1
DA:185,1
DA:192,0
DA:199,0
DA:206,0
DA:213,0
DA:220,0
DA:227,0
DA:235,9
DA:236,9
DA:239,6
DA:242,6
DA:244,6
DA:245,6
DA:254,6
DA:256,6
DA:257,6
DA:265,0
DA:270,0
DA:281,6
DA:290,6
DA:291,2
DA:292,2
DA:295,6
DA:296,6
DA:298,6
DA:299,4
DA:301,4
DA:303,4
DA:315,6
DA:316,6
DA:318,6
DA:337,6
DA:350,6
DA:351,6
DA:352,6
DA:353,6
DA:356,6
DA:363,0
DA:370,0
DA:383,8
DA:387,8
DA:391,7
DA:395,7
DA:400,7
DA:401,3
DA:407,4
DA:410,4
LF:68
LH:57
BRDA:104,1,0,8
BRDA:104,1,1,1
BRDA:112,2,0,6
BRDA:112,2,1,0
BRDA:116,3,0,6
BRDA:116,3,1,0
BRDA:265,4,0,0
BRDA:265,4,1,0
BRDA:290,5,0,2
BRDA:290,5,1,4
BRDA:298,6,0,4
BRDA:298,6,1,2
BRDA:383,7,0,8
BRDA:383,7,1,0
BRDA:387,8,0,7
BRDA:387,8,1,1
BRDA:391,9,0,7
BRDA:391,9,1,0
BRDA:395,10,0,7
BRDA:395,10,1,0
BRDA:400,11,0,3
BRDA:400,11,1,4
BRDA:401,12,0,3
BRDA:401,12,1,0
BRDA:410,13,0,3
BRDA:410,13,1,1
BRF:26
BRH:18
end_of_record
TN:
SF:C:\Users\Valentin\Desktop\Projet\sparkso-token\sparkso-token\contracts\SparksoToken.sol
FN:26,constructor
FNF:1
FNH:1
FNDA:9,constructor
DA:27,9
DA:28,9
DA:29,9
LF:3
LH:3
BRDA:27,1,0,9
BRDA:27,1,1,0
BRF:2
BRH:1
end_of_record
TN:
SF:C:\Users\Valentin\Desktop\Projet\sparkso-token\sparkso-token\contracts\TokenVesting.sol
FN:54,onlyIfVestingScheduleExists
FN:62,onlyIfVestingScheduleNotRevoked
FN:72,constructor
FN:79,
FN:85,getVestingSchedulesCountByBeneficiary
FN:96,getVestingIdAtIndex
FN:108,getVestingScheduleByAddressAndIndex
FN:120,getVestingSchedulesTotalAmount
FN:130,getToken
FN:144,revoke
FN:163,withdraw
FN:179,release
FN:199,getVestingSchedulesCount
FN:212,computeReleasableAmount
FN:223,getVestingSchedule
FN:234,getWithdrawableAmount
FN:244,computeNextVestingScheduleIdForHolder
FN:254,getLastVestingScheduleForHolder
FN:264,computeVestingScheduleIdForAddressAndIndex
FN:281,createVestingSchedule
FN:323,_computeReleasableAmount
FN:344,getCurrentTime
FNF:22
FNH:18
FNDA:0,onlyIfVestingScheduleExists
FNDA:10,onlyIfVestingScheduleNotRevoked
FNDA:6,constructor
FNDA:0,
FNDA:1,getVestingSchedulesCountByBeneficiary
FNDA:1,getVestingIdAtIndex
FNDA:0,getVestingScheduleByAddressAndIndex
FNDA:1,getVestingSchedulesTotalAmount
FNDA:2,getToken
FNDA:1,revoke
FNDA:1,withdraw
FNDA:7,release
FNDA:2,getVestingSchedulesCount
FNDA:2,computeReleasableAmount
FNDA:1,getVestingSchedule
FNDA:10,getWithdrawableAmount
FNDA:6,computeNextVestingScheduleIdForHolder
FNDA:1,getLastVestingScheduleForHolder
FNDA:14,computeVestingScheduleIdForAddressAndIndex
FNDA:6,createVestingSchedule
FNDA:9,_computeReleasableAmount
FNDA:0,getCurrentTime
DA:55,0
DA:56,0
DA:63,10
DA:64,10
DA:65,10
DA:73,6
DA:74,6
DA:89,1
DA:100,1
DA:101,1
DA:112,0
DA:124,1
DA:134,2
DA:145,1
DA:146,1
DA:147,0
DA:148,0
DA:149,0
DA:151,0
DA:152,0
DA:153,0
DA:164,1
DA:165,1
DA:180,7
DA:181,7
DA:182,7
DA:183,7
DA:187,7
DA:188,7
DA:189,5
DA:190,5
DA:191,5
DA:192,5
DA:203,2
DA:215,2
DA:216,2
DA:227,1
DA:238,10
DA:248,6
DA:258,1
DA:268,14
DA:292,6
DA:293,6
DA:294,6
DA:295,6
DA:299,6
DA:300,6
DA:301,6
DA:313,6
DA:314,6
DA:315,6
DA:316,6
DA:327,9
DA:328,9
DA:329,1
DA:331,6
DA:333,2
DA:334,2
DA:335,2
DA:336,2
DA:337,2
DA:338,2
DA:339,2
DA:349,0
LF:64
LH:54
BRDA:55,1,0,0
BRDA:55,1,1,0
BRDA:63,2,0,10
BRDA:63,2,1,0
BRDA:64,3,0,10
BRDA:64,3,1,0
BRDA:73,4,0,6
BRDA:73,4,1,0
BRDA:100,5,0,1
BRDA:100,5,1,0
BRDA:146,6,0,0
BRDA:146,6,1,1
BRDA:148,7,0,0
BRDA:148,7,1,0
BRDA:164,8,0,1
BRDA:164,8,1,0
BRDA:183,9,0,7
BRDA:183,9,1,0
BRDA:188,10,0,5
BRDA:188,10,1,2
BRDA:292,11,0,6
BRDA:292,11,1,0
BRDA:293,12,0,6
BRDA:293,12,1,0
BRDA:294,13,0,6
BRDA:294,13,1,0
BRDA:295,14,0,6
BRDA:295,14,1,0
BRDA:328,15,0,1
BRDA:328,15,1,8
BRDA:330,16,0,6
BRDA:330,16,1,2
BRF:32
BRH:17
end_of_record
