TN:
SF:C:\Users\Valen\Desktop\Projet\MKZ-Token\contracts\TokenDrop.sol
FN:33,constructor
FN:52,addInvestors
FN:80,performUpkeep
FN:126,checkUpkeep
FNF:4
FNH:4
FNDA:3,constructor
FNDA:1,addInvestors
FNDA:5,performUpkeep
FNDA:1,checkUpkeep
DA:34,3
DA:53,1
DA:54,1
DA:55,1
DA:56,1
DA:59,3
DA:60,3
DA:62,3
DA:65,3
DA:83,5
DA:84,5
DA:85,5
DA:86,5
DA:92,2
DA:93,6
DA:94,6
DA:96,6
DA:97,4
DA:98,4
DA:101,2
DA:104,5
DA:109,4
DA:110,12
DA:111,12
DA:113,12
DA:114,4
DA:115,4
DA:118,4
DA:132,1
LF:29
LH:29
BRDA:86,1,0,2
BRDA:86,1,1,3
BRDA:96,2,0,4
BRDA:96,2,1,2
BRDA:104,3,0,4
BRDA:104,3,1,1
BRDA:113,4,0,4
BRDA:113,4,1,8
BRF:8
BRH:8
end_of_record
TN:
SF:C:\Users\Valen\Desktop\Projet\MKZ-Token\contracts\TokenMKZ.sol
FN:24,initialize
FN:39,_authorizeUpgrade
FNF:2
FNH:1
FNDA:3,initialize
FNDA:0,_authorizeUpgrade
DA:25,3
DA:29,3
DA:31,3
DA:32,3
DA:33,3
LF:5
LH:5
BRDA:25,1,0,3
BRDA:25,1,1,0
BRF:2
BRH:1
end_of_record
TN:
SF:C:\Users\Valen\Desktop\Projet\MKZ-Token\contracts\TokenVesting.sol
FN:54,onlyIfVestingScheduleNotRevoked
FN:64,constructor
FN:73,getVestingSchedulesTotalAmount
FN:81,withdraw
FN:93,getVestingSchedulesCount
FN:104,computeReleasableAmount
FN:117,getVestingSchedule
FN:129,getWithdrawableAmount
FN:137,getVestingIdAtIndex
FN:152,getToken
FN:159,computeNextVestingScheduleIdForHolder
FN:174,computeVestingScheduleIdForAddressAndIndex
FN:191,_createVestingSchedule
FN:241,_release
FN:269,_computeReleasableAmount
FN:298,_getCurrentTime
FNF:16
FNH:16
FNDA:16,onlyIfVestingScheduleNotRevoked
FNDA:3,constructor
FNDA:1,getVestingSchedulesTotalAmount
FNDA:1,withdraw
FNDA:42,getVestingSchedulesCount
FNDA:8,computeReleasableAmount
FNDA:18,getVestingSchedule
FNDA:4,getWithdrawableAmount
FNDA:18,getVestingIdAtIndex
FNDA:3,getToken
FNDA:3,computeNextVestingScheduleIdForHolder
FNDA:3,computeVestingScheduleIdForAddressAndIndex
FNDA:3,_createVestingSchedule
FNDA:8,_release
FNDA:16,_computeReleasableAmount
FNDA:31,_getCurrentTime
DA:55,16
DA:56,16
DA:57,16
DA:65,3
DA:66,3
DA:74,1
DA:82,1
DA:86,1
DA:94,42
DA:107,8
DA:110,8
DA:122,18
DA:130,4
DA:142,18
DA:146,18
DA:153,3
DA:164,3
DA:178,3
DA:200,3
DA:201,3
DA:202,3
DA:203,3
DA:207,3
DA:211,3
DA:214,3
DA:215,3
DA:227,3
DA:228,3
DA:229,3
DA:230,3
DA:243,8
DA:246,8
DA:247,8
DA:248,8
DA:252,8
DA:253,8
DA:257,8
DA:258,8
DA:261,8
DA:262,8
DA:274,16
DA:275,16
DA:279,0
DA:283,6
DA:286,10
DA:287,10
DA:288,10
DA:289,10
DA:290,10
DA:292,10
DA:294,10
DA:299,31
LF:52
LH:51
BRDA:55,1,0,16
BRDA:55,1,1,0
BRDA:56,2,0,16
BRDA:56,2,1,0
BRDA:65,3,0,3
BRDA:65,3,1,0
BRDA:82,4,0,1
BRDA:82,4,1,0
BRDA:142,5,0,18
BRDA:142,5,1,0
BRDA:200,6,0,3
BRDA:200,6,1,0
BRDA:201,7,0,3
BRDA:201,7,1,0
BRDA:202,8,0,3
BRDA:202,8,1,0
BRDA:203,9,0,3
BRDA:203,9,1,0
BRDA:207,10,0,3
BRDA:207,10,1,0
BRDA:248,11,0,8
BRDA:248,11,1,0
BRDA:253,12,0,8
BRDA:253,12,1,0
BRDA:275,13,0,0
BRDA:275,13,1,16
BRDA:280,14,0,6
BRDA:280,14,1,10
BRF:28
BRH:15
end_of_record
